This is pdfTeX, Version 3.141592653-2.6-1.40.26 (TeX Live 2024/nixos.org) (preloaded format=pdflatex 1980.1.1)  12 MAR 2025 17:36
entering extended mode
 restricted \write18 enabled.
 %&-line parsing enabled.
**/home/notroot/Documents/Code/Uni/IF976/LaTex/IF976.tex
(/home/notroot/Documents/Code/Uni/IF976/LaTex/IF976.tex
LaTeX2e <2024-06-01> patch level 2
L3 programming layer <2024-10-09>

(/nix/store/mislqmfx0l2cdn8lf0rlygb6w7hiz02w-texlive-combined-full-2024.2024102
7-texmfdist/tex/latex/base/article.cls
Document Class: article 2024/02/08 v1.4n Standard LaTeX document class

(/nix/store/mislqmfx0l2cdn8lf0rlygb6w7hiz02w-texlive-combined-full-2024.2024102
7-texmfdist/tex/latex/base/size12.clo
File: size12.clo 2024/02/08 v1.4n Standard LaTeX file (size option)
)
\c@part=\count194
\c@section=\count195
\c@subsection=\count196
\c@subsubsection=\count197
\c@paragraph=\count198
\c@subparagraph=\count199
\c@figure=\count266
\c@table=\count267
\abovecaptionskip=\skip49
\belowcaptionskip=\skip50
\bibindent=\dimen141
)
(/nix/store/mislqmfx0l2cdn8lf0rlygb6w7hiz02w-texlive-combined-full-2024.2024102
7-texmfdist/tex/latex/base/inputenc.sty
Package: inputenc 2024/02/08 v1.3d Input encoding file
\inpenc@prehook=\toks17
\inpenc@posthook=\toks18
)
(/nix/store/mislqmfx0l2cdn8lf0rlygb6w7hiz02w-texlive-combined-full-2024.2024102
7-texmfdist/tex/generic/babel/babel.sty
Package: babel 2024/10/20 v24.12 The multilingual framework for pdfLaTeX, LuaLa
TeX and XeLaTeX
\babel@savecnt=\count268
\U@D=\dimen142
\l@unhyphenated=\language89

(/nix/store/mislqmfx0l2cdn8lf0rlygb6w7hiz02w-texlive-combined-full-2024.2024102
7-texmfdist/tex/generic/babel/txtbabel.def)
\bbl@readstream=\read2
\bbl@dirlevel=\count269

(/nix/store/mislqmfx0l2cdn8lf0rlygb6w7hiz02w-texlive-combined-full-2024.2024102
7-texmfdist/tex/generic/babel-portuges/portuguese.ldf
Language: portuges 2021/07/09 v1.2t Portuguese support from the babel system
Package babel Info: Making " an active character on input line 143.
))
(/nix/store/mislqmfx0l2cdn8lf0rlygb6w7hiz02w-texlive-combined-full-2024.2024102
7-texmfdist/tex/generic/babel/locale/pt/babel-portuguese.tex
Package babel Info: Importing font and identification data for portuguese
(babel)             from babel-pt.ini. Reported on input line 11.
)
(/nix/store/mislqmfx0l2cdn8lf0rlygb6w7hiz02w-texlive-combined-full-2024.2024102
7-texmfdist/tex/latex/tools/indentfirst.sty
Package: indentfirst 2023/07/02 v1.03 Indent first paragraph (DPC)
)
(/nix/store/mislqmfx0l2cdn8lf0rlygb6w7hiz02w-texlive-combined-full-2024.2024102
7-texmfdist/tex/latex/graphics/graphicx.sty
Package: graphicx 2021/09/16 v1.2d Enhanced LaTeX Graphics (DPC,SPQR)

(/nix/store/mislqmfx0l2cdn8lf0rlygb6w7hiz02w-texlive-combined-full-2024.2024102
7-texmfdist/tex/latex/graphics/keyval.sty
Package: keyval 2022/05/29 v1.15 key=value parser (DPC)
\KV@toks@=\toks19
)
(/nix/store/mislqmfx0l2cdn8lf0rlygb6w7hiz02w-texlive-combined-full-2024.2024102
7-texmfdist/tex/latex/graphics/graphics.sty
Package: graphics 2024/05/23 v1.4g Standard LaTeX Graphics (DPC,SPQR)

(/nix/store/mislqmfx0l2cdn8lf0rlygb6w7hiz02w-texlive-combined-full-2024.2024102
7-texmfdist/tex/latex/graphics/trig.sty
Package: trig 2023/12/02 v1.11 sin cos tan (DPC)
)
(/nix/store/mislqmfx0l2cdn8lf0rlygb6w7hiz02w-texlive-combined-full-2024.2024102
7-texmfdist/tex/latex/graphics-cfg/graphics.cfg
File: graphics.cfg 2016/06/04 v1.11 sample graphics configuration
)
Package graphics Info: Driver file: pdftex.def on input line 106.

(/nix/store/mislqmfx0l2cdn8lf0rlygb6w7hiz02w-texlive-combined-full-2024.2024102
7-texmfdist/tex/latex/graphics-def/pdftex.def
File: pdftex.def 2024/04/13 v1.2c Graphics/color driver for pdftex
))
\Gin@req@height=\dimen143
\Gin@req@width=\dimen144
)
(/nix/store/mislqmfx0l2cdn8lf0rlygb6w7hiz02w-texlive-combined-full-2024.2024102
7-texmfdist/tex/latex/titling/titling.sty
Package: titling 2009/09/04 v2.1d maketitle typesetting
\thanksmarkwidth=\skip51
\thanksmargin=\skip52
\droptitle=\skip53
)
(/nix/store/mislqmfx0l2cdn8lf0rlygb6w7hiz02w-texlive-combined-full-2024.2024102
7-texmfdist/tex/latex/fancyhdr/fancyhdr.sty
Package: fancyhdr 2024/07/23 v4.3.1 Extensive control of page headers and foote
rs
\f@nch@headwidth=\skip54
\f@nch@O@elh=\skip55
\f@nch@O@erh=\skip56
\f@nch@O@olh=\skip57
\f@nch@O@orh=\skip58
\f@nch@O@elf=\skip59
\f@nch@O@erf=\skip60
\f@nch@O@olf=\skip61
\f@nch@O@orf=\skip62
)
(/nix/store/mislqmfx0l2cdn8lf0rlygb6w7hiz02w-texlive-combined-full-2024.2024102
7-texmfdist/tex/latex/enumitem/enumitem.sty
Package: enumitem 2019/06/20 v3.9 Customized lists
\labelindent=\skip63
\enit@outerparindent=\dimen145
\enit@toks=\toks20
\enit@inbox=\box52
\enit@count@id=\count270
\enitdp@description=\count271
)
(/nix/store/mislqmfx0l2cdn8lf0rlygb6w7hiz02w-texlive-combined-full-2024.2024102
7-texmfdist/tex/latex/geometry/geometry.sty
Package: geometry 2020/01/02 v5.9 Page Geometry

(/nix/store/mislqmfx0l2cdn8lf0rlygb6w7hiz02w-texlive-combined-full-2024.2024102
7-texmfdist/tex/generic/iftex/ifvtex.sty
Package: ifvtex 2019/10/25 v1.7 ifvtex legacy package. Use iftex instead.

(/nix/store/mislqmfx0l2cdn8lf0rlygb6w7hiz02w-texlive-combined-full-2024.2024102
7-texmfdist/tex/generic/iftex/iftex.sty
Package: iftex 2022/02/03 v1.0f TeX engine tests
))
\Gm@cnth=\count272
\Gm@cntv=\count273
\c@Gm@tempcnt=\count274
\Gm@bindingoffset=\dimen146
\Gm@wd@mp=\dimen147
\Gm@odd@mp=\dimen148
\Gm@even@mp=\dimen149
\Gm@layoutwidth=\dimen150
\Gm@layoutheight=\dimen151
\Gm@layouthoffset=\dimen152
\Gm@layoutvoffset=\dimen153
\Gm@dimlist=\toks21
)
(/nix/store/mislqmfx0l2cdn8lf0rlygb6w7hiz02w-texlive-combined-full-2024.2024102
7-texmfdist/tex/latex/xcolor/xcolor.sty
Package: xcolor 2024/09/29 v3.02 LaTeX color extensions (UK)

(/nix/store/mislqmfx0l2cdn8lf0rlygb6w7hiz02w-texlive-combined-full-2024.2024102
7-texmfdist/tex/latex/graphics-cfg/color.cfg
File: color.cfg 2016/01/02 v1.6 sample color configuration
)
Package xcolor Info: Driver file: pdftex.def on input line 274.

(/nix/store/mislqmfx0l2cdn8lf0rlygb6w7hiz02w-texlive-combined-full-2024.2024102
7-texmfdist/tex/latex/graphics/mathcolor.ltx)
Package xcolor Info: Model `cmy' substituted by `cmy0' on input line 1349.
Package xcolor Info: Model `hsb' substituted by `rgb' on input line 1353.
Package xcolor Info: Model `RGB' extended on input line 1365.
Package xcolor Info: Model `HTML' substituted by `rgb' on input line 1367.
Package xcolor Info: Model `Hsb' substituted by `hsb' on input line 1368.
Package xcolor Info: Model `tHsb' substituted by `hsb' on input line 1369.
Package xcolor Info: Model `HSB' substituted by `hsb' on input line 1370.
Package xcolor Info: Model `Gray' substituted by `gray' on input line 1371.
Package xcolor Info: Model `wave' substituted by `hsb' on input line 1372.
)
(/nix/store/mislqmfx0l2cdn8lf0rlygb6w7hiz02w-texlive-combined-full-2024.2024102
7-texmfdist/tex/latex/tcolorbox/tcolorbox.sty
Package: tcolorbox 2024/10/22 version 6.4.1 text color boxes

(/nix/store/mislqmfx0l2cdn8lf0rlygb6w7hiz02w-texlive-combined-full-2024.2024102
7-texmfdist/tex/latex/pgf/frontendlayer/tikz.sty
(/nix/store/mislqmfx0l2cdn8lf0rlygb6w7hiz02w-texlive-combined-full-2024.2024102
7-texmfdist/tex/latex/pgf/basiclayer/pgf.sty
(/nix/store/mislqmfx0l2cdn8lf0rlygb6w7hiz02w-texlive-combined-full-2024.2024102
7-texmfdist/tex/latex/pgf/utilities/pgfrcs.sty
(/nix/store/mislqmfx0l2cdn8lf0rlygb6w7hiz02w-texlive-combined-full-2024.2024102
7-texmfdist/tex/generic/pgf/utilities/pgfutil-common.tex
\pgfutil@everybye=\toks22
\pgfutil@tempdima=\dimen154
\pgfutil@tempdimb=\dimen155
)
(/nix/store/mislqmfx0l2cdn8lf0rlygb6w7hiz02w-texlive-combined-full-2024.2024102
7-texmfdist/tex/generic/pgf/utilities/pgfutil-latex.def
\pgfutil@abb=\box53
)
(/nix/store/mislqmfx0l2cdn8lf0rlygb6w7hiz02w-texlive-combined-full-2024.2024102
7-texmfdist/tex/generic/pgf/utilities/pgfrcs.code.tex
(/nix/store/mislqmfx0l2cdn8lf0rlygb6w7hiz02w-texlive-combined-full-2024.2024102
7-texmfdist/tex/generic/pgf/pgf.revision.tex)
Package: pgfrcs 2023-01-15 v3.1.10 (3.1.10)
))
Package: pgf 2023-01-15 v3.1.10 (3.1.10)

(/nix/store/mislqmfx0l2cdn8lf0rlygb6w7hiz02w-texlive-combined-full-2024.2024102
7-texmfdist/tex/latex/pgf/basiclayer/pgfcore.sty
(/nix/store/mislqmfx0l2cdn8lf0rlygb6w7hiz02w-texlive-combined-full-2024.2024102
7-texmfdist/tex/latex/pgf/systemlayer/pgfsys.sty
(/nix/store/mislqmfx0l2cdn8lf0rlygb6w7hiz02w-texlive-combined-full-2024.2024102
7-texmfdist/tex/generic/pgf/systemlayer/pgfsys.code.tex
Package: pgfsys 2023-01-15 v3.1.10 (3.1.10)

(/nix/store/mislqmfx0l2cdn8lf0rlygb6w7hiz02w-texlive-combined-full-2024.2024102
7-texmfdist/tex/generic/pgf/utilities/pgfkeys.code.tex
\pgfkeys@pathtoks=\toks23
\pgfkeys@temptoks=\toks24

(/nix/store/mislqmfx0l2cdn8lf0rlygb6w7hiz02w-texlive-combined-full-2024.2024102
7-texmfdist/tex/generic/pgf/utilities/pgfkeyslibraryfiltered.code.tex
\pgfkeys@tmptoks=\toks25
))
\pgf@x=\dimen156
\pgf@y=\dimen157
\pgf@xa=\dimen158
\pgf@ya=\dimen159
\pgf@xb=\dimen160
\pgf@yb=\dimen161
\pgf@xc=\dimen162
\pgf@yc=\dimen163
\pgf@xd=\dimen164
\pgf@yd=\dimen165
\w@pgf@writea=\write3
\r@pgf@reada=\read3
\c@pgf@counta=\count275
\c@pgf@countb=\count276
\c@pgf@countc=\count277
\c@pgf@countd=\count278
\t@pgf@toka=\toks26
\t@pgf@tokb=\toks27
\t@pgf@tokc=\toks28
\pgf@sys@id@count=\count279

(/nix/store/mislqmfx0l2cdn8lf0rlygb6w7hiz02w-texlive-combined-full-2024.2024102
7-texmfdist/tex/generic/pgf/systemlayer/pgf.cfg
File: pgf.cfg 2023-01-15 v3.1.10 (3.1.10)
)
Driver file for pgf: pgfsys-pdftex.def

(/nix/store/mislqmfx0l2cdn8lf0rlygb6w7hiz02w-texlive-combined-full-2024.2024102
7-texmfdist/tex/generic/pgf/systemlayer/pgfsys-pdftex.def
File: pgfsys-pdftex.def 2023-01-15 v3.1.10 (3.1.10)

(/nix/store/mislqmfx0l2cdn8lf0rlygb6w7hiz02w-texlive-combined-full-2024.2024102
7-texmfdist/tex/generic/pgf/systemlayer/pgfsys-common-pdf.def
File: pgfsys-common-pdf.def 2023-01-15 v3.1.10 (3.1.10)
)))
(/nix/store/mislqmfx0l2cdn8lf0rlygb6w7hiz02w-texlive-combined-full-2024.2024102
7-texmfdist/tex/generic/pgf/systemlayer/pgfsyssoftpath.code.tex
File: pgfsyssoftpath.code.tex 2023-01-15 v3.1.10 (3.1.10)
\pgfsyssoftpath@smallbuffer@items=\count280
\pgfsyssoftpath@bigbuffer@items=\count281
)
(/nix/store/mislqmfx0l2cdn8lf0rlygb6w7hiz02w-texlive-combined-full-2024.2024102
7-texmfdist/tex/generic/pgf/systemlayer/pgfsysprotocol.code.tex
File: pgfsysprotocol.code.tex 2023-01-15 v3.1.10 (3.1.10)
))
(/nix/store/mislqmfx0l2cdn8lf0rlygb6w7hiz02w-texlive-combined-full-2024.2024102
7-texmfdist/tex/generic/pgf/basiclayer/pgfcore.code.tex
Package: pgfcore 2023-01-15 v3.1.10 (3.1.10)

(/nix/store/mislqmfx0l2cdn8lf0rlygb6w7hiz02w-texlive-combined-full-2024.2024102
7-texmfdist/tex/generic/pgf/math/pgfmath.code.tex
(/nix/store/mislqmfx0l2cdn8lf0rlygb6w7hiz02w-texlive-combined-full-2024.2024102
7-texmfdist/tex/generic/pgf/math/pgfmathutil.code.tex)
(/nix/store/mislqmfx0l2cdn8lf0rlygb6w7hiz02w-texlive-combined-full-2024.2024102
7-texmfdist/tex/generic/pgf/math/pgfmathparser.code.tex
\pgfmath@dimen=\dimen166
\pgfmath@count=\count282
\pgfmath@box=\box54
\pgfmath@toks=\toks29
\pgfmath@stack@operand=\toks30
\pgfmath@stack@operation=\toks31
)
(/nix/store/mislqmfx0l2cdn8lf0rlygb6w7hiz02w-texlive-combined-full-2024.2024102
7-texmfdist/tex/generic/pgf/math/pgfmathfunctions.code.tex)
(/nix/store/mislqmfx0l2cdn8lf0rlygb6w7hiz02w-texlive-combined-full-2024.2024102
7-texmfdist/tex/generic/pgf/math/pgfmathfunctions.basic.code.tex)
(/nix/store/mislqmfx0l2cdn8lf0rlygb6w7hiz02w-texlive-combined-full-2024.2024102
7-texmfdist/tex/generic/pgf/math/pgfmathfunctions.trigonometric.code.tex)
(/nix/store/mislqmfx0l2cdn8lf0rlygb6w7hiz02w-texlive-combined-full-2024.2024102
7-texmfdist/tex/generic/pgf/math/pgfmathfunctions.random.code.tex)
(/nix/store/mislqmfx0l2cdn8lf0rlygb6w7hiz02w-texlive-combined-full-2024.2024102
7-texmfdist/tex/generic/pgf/math/pgfmathfunctions.comparison.code.tex)
(/nix/store/mislqmfx0l2cdn8lf0rlygb6w7hiz02w-texlive-combined-full-2024.2024102
7-texmfdist/tex/generic/pgf/math/pgfmathfunctions.base.code.tex)
(/nix/store/mislqmfx0l2cdn8lf0rlygb6w7hiz02w-texlive-combined-full-2024.2024102
7-texmfdist/tex/generic/pgf/math/pgfmathfunctions.round.code.tex)
(/nix/store/mislqmfx0l2cdn8lf0rlygb6w7hiz02w-texlive-combined-full-2024.2024102
7-texmfdist/tex/generic/pgf/math/pgfmathfunctions.misc.code.tex)
(/nix/store/mislqmfx0l2cdn8lf0rlygb6w7hiz02w-texlive-combined-full-2024.2024102
7-texmfdist/tex/generic/pgf/math/pgfmathfunctions.integerarithmetics.code.tex)
(/nix/store/mislqmfx0l2cdn8lf0rlygb6w7hiz02w-texlive-combined-full-2024.2024102
7-texmfdist/tex/generic/pgf/math/pgfmathcalc.code.tex)
(/nix/store/mislqmfx0l2cdn8lf0rlygb6w7hiz02w-texlive-combined-full-2024.2024102
7-texmfdist/tex/generic/pgf/math/pgfmathfloat.code.tex
\c@pgfmathroundto@lastzeros=\count283
))
(/nix/store/mislqmfx0l2cdn8lf0rlygb6w7hiz02w-texlive-combined-full-2024.2024102
7-texmfdist/tex/generic/pgf/math/pgfint.code.tex)
(/nix/store/mislqmfx0l2cdn8lf0rlygb6w7hiz02w-texlive-combined-full-2024.2024102
7-texmfdist/tex/generic/pgf/basiclayer/pgfcorepoints.code.tex
File: pgfcorepoints.code.tex 2023-01-15 v3.1.10 (3.1.10)
\pgf@picminx=\dimen167
\pgf@picmaxx=\dimen168
\pgf@picminy=\dimen169
\pgf@picmaxy=\dimen170
\pgf@pathminx=\dimen171
\pgf@pathmaxx=\dimen172
\pgf@pathminy=\dimen173
\pgf@pathmaxy=\dimen174
\pgf@xx=\dimen175
\pgf@xy=\dimen176
\pgf@yx=\dimen177
\pgf@yy=\dimen178
\pgf@zx=\dimen179
\pgf@zy=\dimen180
)
(/nix/store/mislqmfx0l2cdn8lf0rlygb6w7hiz02w-texlive-combined-full-2024.2024102
7-texmfdist/tex/generic/pgf/basiclayer/pgfcorepathconstruct.code.tex
File: pgfcorepathconstruct.code.tex 2023-01-15 v3.1.10 (3.1.10)
\pgf@path@lastx=\dimen181
\pgf@path@lasty=\dimen182
)
(/nix/store/mislqmfx0l2cdn8lf0rlygb6w7hiz02w-texlive-combined-full-2024.2024102
7-texmfdist/tex/generic/pgf/basiclayer/pgfcorepathusage.code.tex
File: pgfcorepathusage.code.tex 2023-01-15 v3.1.10 (3.1.10)
\pgf@shorten@end@additional=\dimen183
\pgf@shorten@start@additional=\dimen184
)
(/nix/store/mislqmfx0l2cdn8lf0rlygb6w7hiz02w-texlive-combined-full-2024.2024102
7-texmfdist/tex/generic/pgf/basiclayer/pgfcorescopes.code.tex
File: pgfcorescopes.code.tex 2023-01-15 v3.1.10 (3.1.10)
\pgfpic=\box55
\pgf@hbox=\box56
\pgf@layerbox@main=\box57
\pgf@picture@serial@count=\count284
)
(/nix/store/mislqmfx0l2cdn8lf0rlygb6w7hiz02w-texlive-combined-full-2024.2024102
7-texmfdist/tex/generic/pgf/basiclayer/pgfcoregraphicstate.code.tex
File: pgfcoregraphicstate.code.tex 2023-01-15 v3.1.10 (3.1.10)
\pgflinewidth=\dimen185
)
(/nix/store/mislqmfx0l2cdn8lf0rlygb6w7hiz02w-texlive-combined-full-2024.2024102
7-texmfdist/tex/generic/pgf/basiclayer/pgfcoretransformations.code.tex
File: pgfcoretransformations.code.tex 2023-01-15 v3.1.10 (3.1.10)
\pgf@pt@x=\dimen186
\pgf@pt@y=\dimen187
\pgf@pt@temp=\dimen188
)
(/nix/store/mislqmfx0l2cdn8lf0rlygb6w7hiz02w-texlive-combined-full-2024.2024102
7-texmfdist/tex/generic/pgf/basiclayer/pgfcorequick.code.tex
File: pgfcorequick.code.tex 2023-01-15 v3.1.10 (3.1.10)
)
(/nix/store/mislqmfx0l2cdn8lf0rlygb6w7hiz02w-texlive-combined-full-2024.2024102
7-texmfdist/tex/generic/pgf/basiclayer/pgfcoreobjects.code.tex
File: pgfcoreobjects.code.tex 2023-01-15 v3.1.10 (3.1.10)
)
(/nix/store/mislqmfx0l2cdn8lf0rlygb6w7hiz02w-texlive-combined-full-2024.2024102
7-texmfdist/tex/generic/pgf/basiclayer/pgfcorepathprocessing.code.tex
File: pgfcorepathprocessing.code.tex 2023-01-15 v3.1.10 (3.1.10)
)
(/nix/store/mislqmfx0l2cdn8lf0rlygb6w7hiz02w-texlive-combined-full-2024.2024102
7-texmfdist/tex/generic/pgf/basiclayer/pgfcorearrows.code.tex
File: pgfcorearrows.code.tex 2023-01-15 v3.1.10 (3.1.10)
\pgfarrowsep=\dimen189
)
(/nix/store/mislqmfx0l2cdn8lf0rlygb6w7hiz02w-texlive-combined-full-2024.2024102
7-texmfdist/tex/generic/pgf/basiclayer/pgfcoreshade.code.tex
File: pgfcoreshade.code.tex 2023-01-15 v3.1.10 (3.1.10)
\pgf@max=\dimen190
\pgf@sys@shading@range@num=\count285
\pgf@shadingcount=\count286
)
(/nix/store/mislqmfx0l2cdn8lf0rlygb6w7hiz02w-texlive-combined-full-2024.2024102
7-texmfdist/tex/generic/pgf/basiclayer/pgfcoreimage.code.tex
File: pgfcoreimage.code.tex 2023-01-15 v3.1.10 (3.1.10)
)
(/nix/store/mislqmfx0l2cdn8lf0rlygb6w7hiz02w-texlive-combined-full-2024.2024102
7-texmfdist/tex/generic/pgf/basiclayer/pgfcoreexternal.code.tex
File: pgfcoreexternal.code.tex 2023-01-15 v3.1.10 (3.1.10)
\pgfexternal@startupbox=\box58
)
(/nix/store/mislqmfx0l2cdn8lf0rlygb6w7hiz02w-texlive-combined-full-2024.2024102
7-texmfdist/tex/generic/pgf/basiclayer/pgfcorelayers.code.tex
File: pgfcorelayers.code.tex 2023-01-15 v3.1.10 (3.1.10)
)
(/nix/store/mislqmfx0l2cdn8lf0rlygb6w7hiz02w-texlive-combined-full-2024.2024102
7-texmfdist/tex/generic/pgf/basiclayer/pgfcoretransparency.code.tex
File: pgfcoretransparency.code.tex 2023-01-15 v3.1.10 (3.1.10)
)
(/nix/store/mislqmfx0l2cdn8lf0rlygb6w7hiz02w-texlive-combined-full-2024.2024102
7-texmfdist/tex/generic/pgf/basiclayer/pgfcorepatterns.code.tex
File: pgfcorepatterns.code.tex 2023-01-15 v3.1.10 (3.1.10)
)
(/nix/store/mislqmfx0l2cdn8lf0rlygb6w7hiz02w-texlive-combined-full-2024.2024102
7-texmfdist/tex/generic/pgf/basiclayer/pgfcorerdf.code.tex
File: pgfcorerdf.code.tex 2023-01-15 v3.1.10 (3.1.10)
)))
(/nix/store/mislqmfx0l2cdn8lf0rlygb6w7hiz02w-texlive-combined-full-2024.2024102
7-texmfdist/tex/generic/pgf/modules/pgfmoduleshapes.code.tex
File: pgfmoduleshapes.code.tex 2023-01-15 v3.1.10 (3.1.10)
\pgfnodeparttextbox=\box59
)
(/nix/store/mislqmfx0l2cdn8lf0rlygb6w7hiz02w-texlive-combined-full-2024.2024102
7-texmfdist/tex/generic/pgf/modules/pgfmoduleplot.code.tex
File: pgfmoduleplot.code.tex 2023-01-15 v3.1.10 (3.1.10)
)
(/nix/store/mislqmfx0l2cdn8lf0rlygb6w7hiz02w-texlive-combined-full-2024.2024102
7-texmfdist/tex/latex/pgf/compatibility/pgfcomp-version-0-65.sty
Package: pgfcomp-version-0-65 2023-01-15 v3.1.10 (3.1.10)
\pgf@nodesepstart=\dimen191
\pgf@nodesepend=\dimen192
)
(/nix/store/mislqmfx0l2cdn8lf0rlygb6w7hiz02w-texlive-combined-full-2024.2024102
7-texmfdist/tex/latex/pgf/compatibility/pgfcomp-version-1-18.sty
Package: pgfcomp-version-1-18 2023-01-15 v3.1.10 (3.1.10)
))
(/nix/store/mislqmfx0l2cdn8lf0rlygb6w7hiz02w-texlive-combined-full-2024.2024102
7-texmfdist/tex/latex/pgf/utilities/pgffor.sty
(/nix/store/mislqmfx0l2cdn8lf0rlygb6w7hiz02w-texlive-combined-full-2024.2024102
7-texmfdist/tex/latex/pgf/utilities/pgfkeys.sty
(/nix/store/mislqmfx0l2cdn8lf0rlygb6w7hiz02w-texlive-combined-full-2024.2024102
7-texmfdist/tex/generic/pgf/utilities/pgfkeys.code.tex))
(/nix/store/mislqmfx0l2cdn8lf0rlygb6w7hiz02w-texlive-combined-full-2024.2024102
7-texmfdist/tex/latex/pgf/math/pgfmath.sty
(/nix/store/mislqmfx0l2cdn8lf0rlygb6w7hiz02w-texlive-combined-full-2024.2024102
7-texmfdist/tex/generic/pgf/math/pgfmath.code.tex))
(/nix/store/mislqmfx0l2cdn8lf0rlygb6w7hiz02w-texlive-combined-full-2024.2024102
7-texmfdist/tex/generic/pgf/utilities/pgffor.code.tex
Package: pgffor 2023-01-15 v3.1.10 (3.1.10)
\pgffor@iter=\dimen193
\pgffor@skip=\dimen194
\pgffor@stack=\toks32
\pgffor@toks=\toks33
))
(/nix/store/mislqmfx0l2cdn8lf0rlygb6w7hiz02w-texlive-combined-full-2024.2024102
7-texmfdist/tex/generic/pgf/frontendlayer/tikz/tikz.code.tex
Package: tikz 2023-01-15 v3.1.10 (3.1.10)

(/nix/store/mislqmfx0l2cdn8lf0rlygb6w7hiz02w-texlive-combined-full-2024.2024102
7-texmfdist/tex/generic/pgf/libraries/pgflibraryplothandlers.code.tex
File: pgflibraryplothandlers.code.tex 2023-01-15 v3.1.10 (3.1.10)
\pgf@plot@mark@count=\count287
\pgfplotmarksize=\dimen195
)
\tikz@lastx=\dimen196
\tikz@lasty=\dimen197
\tikz@lastxsaved=\dimen198
\tikz@lastysaved=\dimen199
\tikz@lastmovetox=\dimen256
\tikz@lastmovetoy=\dimen257
\tikzleveldistance=\dimen258
\tikzsiblingdistance=\dimen259
\tikz@figbox=\box60
\tikz@figbox@bg=\box61
\tikz@tempbox=\box62
\tikz@tempbox@bg=\box63
\tikztreelevel=\count288
\tikznumberofchildren=\count289
\tikznumberofcurrentchild=\count290
\tikz@fig@count=\count291

(/nix/store/mislqmfx0l2cdn8lf0rlygb6w7hiz02w-texlive-combined-full-2024.2024102
7-texmfdist/tex/generic/pgf/modules/pgfmodulematrix.code.tex
File: pgfmodulematrix.code.tex 2023-01-15 v3.1.10 (3.1.10)
\pgfmatrixcurrentrow=\count292
\pgfmatrixcurrentcolumn=\count293
\pgf@matrix@numberofcolumns=\count294
)
\tikz@expandcount=\count295

(/nix/store/mislqmfx0l2cdn8lf0rlygb6w7hiz02w-texlive-combined-full-2024.2024102
7-texmfdist/tex/generic/pgf/frontendlayer/tikz/libraries/tikzlibrarytopaths.cod
e.tex
File: tikzlibrarytopaths.code.tex 2023-01-15 v3.1.10 (3.1.10)
)))
(/nix/store/mislqmfx0l2cdn8lf0rlygb6w7hiz02w-texlive-combined-full-2024.2024102
7-texmfdist/tex/latex/tools/verbatim.sty
Package: verbatim 2024-01-22 v1.5x LaTeX2e package for verbatim enhancements
\every@verbatim=\toks34
\verbatim@line=\toks35
\verbatim@in@stream=\read4
)
(/nix/store/mislqmfx0l2cdn8lf0rlygb6w7hiz02w-texlive-combined-full-2024.2024102
7-texmfdist/tex/latex/environ/environ.sty
Package: environ 2014/05/04 v0.3 A new way to define environments

(/nix/store/mislqmfx0l2cdn8lf0rlygb6w7hiz02w-texlive-combined-full-2024.2024102
7-texmfdist/tex/latex/trimspaces/trimspaces.sty
Package: trimspaces 2009/09/17 v1.1 Trim spaces around a token list
)
\@envbody=\toks36
)
(/nix/store/mislqmfx0l2cdn8lf0rlygb6w7hiz02w-texlive-combined-full-2024.2024102
7-texmfdist/tex/latex/etoolbox/etoolbox.sty
Package: etoolbox 2020/10/05 v2.5k e-TeX tools for LaTeX (JAW)
\etb@tempcnta=\count296
)
\tcb@titlebox=\box64
\tcb@upperbox=\box65
\tcb@lowerbox=\box66
\tcb@phantombox=\box67
\c@tcbbreakpart=\count297
\c@tcblayer=\count298
\c@tcolorbox@number=\count299
\l__tcobox_tmpa_box=\box68
\l__tcobox_tmpa_dim=\dimen260
\tcb@temp=\box69
\tcb@temp=\box70
\tcb@temp=\box71
\tcb@temp=\box72
)
(/nix/store/mislqmfx0l2cdn8lf0rlygb6w7hiz02w-texlive-combined-full-2024.2024102
7-texmfdist/tex/latex/float/float.sty
Package: float 2001/11/08 v1.3d Float enhancements (AL)
\c@float@type=\count300
\float@exts=\toks37
\float@box=\box73
\@float@everytoks=\toks38
\@floatcapt=\box74
)
(/nix/store/mislqmfx0l2cdn8lf0rlygb6w7hiz02w-texlive-combined-full-2024.2024102
7-texmfdist/tex/latex/pdflscape/pdflscape.sty
Package: pdflscape 2022-10-27 v0.13 Display of landscape pages in PDF

(/nix/store/mislqmfx0l2cdn8lf0rlygb6w7hiz02w-texlive-combined-full-2024.2024102
7-texmfdist/tex/latex/pdflscape/pdflscape-nometadata.sty
Package: pdflscape-nometadata 2022-10-28 v0.13 Display of landscape pages in PD
F (HO)

(/nix/store/mislqmfx0l2cdn8lf0rlygb6w7hiz02w-texlive-combined-full-2024.2024102
7-texmfdist/tex/latex/graphics/lscape.sty
Package: lscape 2020/05/28 v3.02 Landscape Pages (DPC)
)
Package pdflscape Info: Auto-detected driver: pdftex on input line 81.
))
(/nix/store/mislqmfx0l2cdn8lf0rlygb6w7hiz02w-texlive-combined-full-2024.2024102
7-texmfdist/tex/latex/hyperref/hyperref.sty
Package: hyperref 2024-07-10 v7.01j Hypertext links for LaTeX

(/nix/store/mislqmfx0l2cdn8lf0rlygb6w7hiz02w-texlive-combined-full-2024.2024102
7-texmfdist/tex/latex/kvsetkeys/kvsetkeys.sty
Package: kvsetkeys 2022-10-05 v1.19 Key value parser (HO)
)
(/nix/store/mislqmfx0l2cdn8lf0rlygb6w7hiz02w-texlive-combined-full-2024.2024102
7-texmfdist/tex/generic/kvdefinekeys/kvdefinekeys.sty
Package: kvdefinekeys 2019-12-19 v1.6 Define keys (HO)
)
(/nix/store/mislqmfx0l2cdn8lf0rlygb6w7hiz02w-texlive-combined-full-2024.2024102
7-texmfdist/tex/generic/pdfescape/pdfescape.sty
Package: pdfescape 2019/12/09 v1.15 Implements pdfTeX's escape features (HO)

(/nix/store/mislqmfx0l2cdn8lf0rlygb6w7hiz02w-texlive-combined-full-2024.2024102
7-texmfdist/tex/generic/ltxcmds/ltxcmds.sty
Package: ltxcmds 2023-12-04 v1.26 LaTeX kernel commands for general use (HO)
)
(/nix/store/mislqmfx0l2cdn8lf0rlygb6w7hiz02w-texlive-combined-full-2024.2024102
7-texmfdist/tex/generic/pdftexcmds/pdftexcmds.sty
Package: pdftexcmds 2020-06-27 v0.33 Utility functions of pdfTeX for LuaTeX (HO
)

(/nix/store/mislqmfx0l2cdn8lf0rlygb6w7hiz02w-texlive-combined-full-2024.2024102
7-texmfdist/tex/generic/infwarerr/infwarerr.sty
Package: infwarerr 2019/12/03 v1.5 Providing info/warning/error messages (HO)
)
Package pdftexcmds Info: \pdf@primitive is available.
Package pdftexcmds Info: \pdf@ifprimitive is available.
Package pdftexcmds Info: \pdfdraftmode found.
))
(/nix/store/mislqmfx0l2cdn8lf0rlygb6w7hiz02w-texlive-combined-full-2024.2024102
7-texmfdist/tex/latex/hycolor/hycolor.sty
Package: hycolor 2020-01-27 v1.10 Color options for hyperref/bookmark (HO)
)
(/nix/store/mislqmfx0l2cdn8lf0rlygb6w7hiz02w-texlive-combined-full-2024.2024102
7-texmfdist/tex/latex/hyperref/nameref.sty
Package: nameref 2023-11-26 v2.56 Cross-referencing by name of section

(/nix/store/mislqmfx0l2cdn8lf0rlygb6w7hiz02w-texlive-combined-full-2024.2024102
7-texmfdist/tex/latex/refcount/refcount.sty
Package: refcount 2019/12/15 v3.6 Data extraction from label references (HO)
)
(/nix/store/mislqmfx0l2cdn8lf0rlygb6w7hiz02w-texlive-combined-full-2024.2024102
7-texmfdist/tex/generic/gettitlestring/gettitlestring.sty
Package: gettitlestring 2019/12/15 v1.6 Cleanup title references (HO)

(/nix/store/mislqmfx0l2cdn8lf0rlygb6w7hiz02w-texlive-combined-full-2024.2024102
7-texmfdist/tex/latex/kvoptions/kvoptions.sty
Package: kvoptions 2022-06-15 v3.15 Key value format for package options (HO)
))
\c@section@level=\count301
)
(/nix/store/mislqmfx0l2cdn8lf0rlygb6w7hiz02w-texlive-combined-full-2024.2024102
7-texmfdist/tex/generic/stringenc/stringenc.sty
Package: stringenc 2019/11/29 v1.12 Convert strings between diff. encodings (HO
)
)
\@linkdim=\dimen261
\Hy@linkcounter=\count302
\Hy@pagecounter=\count303

(/nix/store/mislqmfx0l2cdn8lf0rlygb6w7hiz02w-texlive-combined-full-2024.2024102
7-texmfdist/tex/latex/hyperref/pd1enc.def
File: pd1enc.def 2024-07-10 v7.01j Hyperref: PDFDocEncoding definition (HO)
Now handling font encoding PD1 ...
... no UTF-8 mapping file for font encoding PD1
)
(/nix/store/mislqmfx0l2cdn8lf0rlygb6w7hiz02w-texlive-combined-full-2024.2024102
7-texmfdist/tex/generic/intcalc/intcalc.sty
Package: intcalc 2019/12/15 v1.3 Expandable calculations with integers (HO)
)
\Hy@SavedSpaceFactor=\count304

(/nix/store/mislqmfx0l2cdn8lf0rlygb6w7hiz02w-texlive-combined-full-2024.2024102
7-texmfdist/tex/latex/hyperref/puenc.def
File: puenc.def 2024-07-10 v7.01j Hyperref: PDF Unicode definition (HO)
Now handling font encoding PU ...
... no UTF-8 mapping file for font encoding PU
)
Package hyperref Info: Hyper figures OFF on input line 4157.
Package hyperref Info: Link nesting OFF on input line 4162.
Package hyperref Info: Hyper index ON on input line 4165.
Package hyperref Info: Plain pages OFF on input line 4172.
Package hyperref Info: Backreferencing OFF on input line 4177.
Package hyperref Info: Implicit mode ON; LaTeX internals redefined.
Package hyperref Info: Bookmarks ON on input line 4424.
\c@Hy@tempcnt=\count305

(/nix/store/mislqmfx0l2cdn8lf0rlygb6w7hiz02w-texlive-combined-full-2024.2024102
7-texmfdist/tex/latex/url/url.sty
\Urlmuskip=\muskip17
Package: url 2013/09/16  ver 3.4  Verb mode for urls, etc.
)
LaTeX Info: Redefining \url on input line 4763.
\XeTeXLinkMargin=\dimen262

(/nix/store/mislqmfx0l2cdn8lf0rlygb6w7hiz02w-texlive-combined-full-2024.2024102
7-texmfdist/tex/generic/bitset/bitset.sty
Package: bitset 2019/12/09 v1.3 Handle bit-vector datatype (HO)

(/nix/store/mislqmfx0l2cdn8lf0rlygb6w7hiz02w-texlive-combined-full-2024.2024102
7-texmfdist/tex/generic/bigintcalc/bigintcalc.sty
Package: bigintcalc 2019/12/15 v1.5 Expandable calculations on big integers (HO
)
))
\Fld@menulength=\count306
\Field@Width=\dimen263
\Fld@charsize=\dimen264
Package hyperref Info: Hyper figures OFF on input line 6042.
Package hyperref Info: Link nesting OFF on input line 6047.
Package hyperref Info: Hyper index ON on input line 6050.
Package hyperref Info: backreferencing OFF on input line 6057.
Package hyperref Info: Link coloring OFF on input line 6062.
Package hyperref Info: Link coloring with OCG OFF on input line 6067.
Package hyperref Info: PDF/A mode OFF on input line 6072.

(/nix/store/mislqmfx0l2cdn8lf0rlygb6w7hiz02w-texlive-combined-full-2024.2024102
7-texmfdist/tex/latex/base/atbegshi-ltx.sty
Package: atbegshi-ltx 2021/01/10 v1.0c Emulation of the original atbegshi
package with kernel methods
)
\Hy@abspage=\count307
\c@Item=\count308
\c@Hfootnote=\count309
)
Package hyperref Info: Driver (autodetected): hpdftex.

(/nix/store/mislqmfx0l2cdn8lf0rlygb6w7hiz02w-texlive-combined-full-2024.2024102
7-texmfdist/tex/latex/hyperref/hpdftex.def
File: hpdftex.def 2024-07-10 v7.01j Hyperref driver for pdfTeX

(/nix/store/mislqmfx0l2cdn8lf0rlygb6w7hiz02w-texlive-combined-full-2024.2024102
7-texmfdist/tex/latex/base/atveryend-ltx.sty
Package: atveryend-ltx 2020/08/19 v1.0a Emulation of the original atveryend pac
kage
with kernel methods
)
\Fld@listcount=\count310
\c@bookmark@seq@number=\count311

(/nix/store/mislqmfx0l2cdn8lf0rlygb6w7hiz02w-texlive-combined-full-2024.2024102
7-texmfdist/tex/latex/rerunfilecheck/rerunfilecheck.sty
Package: rerunfilecheck 2022-07-10 v1.10 Rerun checks for auxiliary files (HO)

(/nix/store/mislqmfx0l2cdn8lf0rlygb6w7hiz02w-texlive-combined-full-2024.2024102
7-texmfdist/tex/generic/uniquecounter/uniquecounter.sty
Package: uniquecounter 2019/12/15 v1.4 Provide unlimited unique counter (HO)
)
Package uniquecounter Info: New unique counter `rerunfilecheck' on input line 2
85.
)
\Hy@SectionHShift=\skip64
)
Package hyperref Info: Option `colorlinks' set `true' on input line 24.

(/nix/store/mislqmfx0l2cdn8lf0rlygb6w7hiz02w-texlive-combined-full-2024.2024102
7-texmfdist/tex/latex/l3backend/l3backend-pdftex.def
File: l3backend-pdftex.def 2024-05-08 L3 backend support: PDF output (pdfTeX)
\l__color_backend_stack_int=\count312
\l__pdf_internal_box=\box75
) (./IF976.aux)
\openout1 = `IF976.aux'.

LaTeX Font Info:    Checking defaults for OML/cmm/m/it on input line 81.
LaTeX Font Info:    ... okay on input line 81.
LaTeX Font Info:    Checking defaults for OMS/cmsy/m/n on input line 81.
LaTeX Font Info:    ... okay on input line 81.
LaTeX Font Info:    Checking defaults for OT1/cmr/m/n on input line 81.
LaTeX Font Info:    ... okay on input line 81.
LaTeX Font Info:    Checking defaults for T1/cmr/m/n on input line 81.
LaTeX Font Info:    ... okay on input line 81.
LaTeX Font Info:    Checking defaults for TS1/cmr/m/n on input line 81.
LaTeX Font Info:    ... okay on input line 81.
LaTeX Font Info:    Checking defaults for OMX/cmex/m/n on input line 81.
LaTeX Font Info:    ... okay on input line 81.
LaTeX Font Info:    Checking defaults for U/cmr/m/n on input line 81.
LaTeX Font Info:    ... okay on input line 81.
LaTeX Font Info:    Checking defaults for PD1/pdf/m/n on input line 81.
LaTeX Font Info:    ... okay on input line 81.
LaTeX Font Info:    Checking defaults for PU/pdf/m/n on input line 81.
LaTeX Font Info:    ... okay on input line 81.

(/nix/store/mislqmfx0l2cdn8lf0rlygb6w7hiz02w-texlive-combined-full-2024.2024102
7-texmfdist/tex/context/base/mkii/supp-pdf.mkii
[Loading MPS to PDF converter (version 2006.09.02).]
\scratchcounter=\count313
\scratchdimen=\dimen265
\scratchbox=\box76
\nofMPsegments=\count314
\nofMParguments=\count315
\everyMPshowfont=\toks39
\MPscratchCnt=\count316
\MPscratchDim=\dimen266
\MPnumerator=\count317
\makeMPintoPDFobject=\count318
\everyMPtoPDFconversion=\toks40
)
(/nix/store/mislqmfx0l2cdn8lf0rlygb6w7hiz02w-texlive-combined-full-2024.2024102
7-texmfdist/tex/latex/epstopdf-pkg/epstopdf-base.sty
Package: epstopdf-base 2020-01-24 v2.11 Base part for package epstopdf
Package epstopdf-base Info: Redefining graphics rule for `.eps' on input line 4
85.

(/nix/store/mislqmfx0l2cdn8lf0rlygb6w7hiz02w-texlive-combined-full-2024.2024102
7-texmfdist/tex/latex/latexconfig/epstopdf-sys.cfg
File: epstopdf-sys.cfg 2010/07/13 v1.3 Configuration of (r)epstopdf for TeX Liv
e
))
*geometry* driver: auto-detecting
*geometry* detected driver: pdftex
*geometry* verbose mode - [ preamble ] result:
* driver: pdftex
* paper: a4paper
* layout: <same size as paper>
* layoutoffset:(h,v)=(0.0pt,0.0pt)
* modes: 
* h-part:(L,W,R)=(85.35826pt, 426.79135pt, 85.35826pt)
* v-part:(T,H,B)=(71.13188pt, 702.78308pt, 71.13188pt)
* \paperwidth=597.50787pt
* \paperheight=845.04684pt
* \textwidth=426.79135pt
* \textheight=702.78308pt
* \oddsidemargin=13.08827pt
* \evensidemargin=13.08827pt
* \topmargin=-40.1381pt
* \headheight=14.0pt
* \headsep=25.0pt
* \topskip=12.0pt
* \footskip=30.0pt
* \marginparwidth=35.0pt
* \marginparsep=10.0pt
* \columnsep=10.0pt
* \skip\footins=10.8pt plus 4.0pt minus 2.0pt
* \hoffset=0.0pt
* \voffset=0.0pt
* \mag=1000
* \@twocolumnfalse
* \@twosidefalse
* \@mparswitchfalse
* \@reversemarginfalse
* (1in=72.27pt=25.4mm, 1cm=28.453pt)

Package hyperref Info: Link coloring ON on input line 81.
(./IF976.out) (./IF976.out)
\@outlinefile=\write4
\openout4 = `IF976.out'.

LaTeX Font Info:    External font `cmex10' loaded for size
(Font)              <14.4> on input line 84.
LaTeX Font Info:    External font `cmex10' loaded for size
(Font)              <7> on input line 84.


[1

{/nix/store/gyynq93rsaz5ljspfv5swx1v54b55n2c-texlive-combined-full-2024.2024102
7/share/texmf-var/fonts/map/pdftex/updmap/pdftex.map}] (./IF976.toc
LaTeX Font Info:    External font `cmex10' loaded for size
(Font)              <12> on input line 5.
LaTeX Font Info:    External font `cmex10' loaded for size
(Font)              <8> on input line 5.
LaTeX Font Info:    External font `cmex10' loaded for size
(Font)              <6> on input line 5.



Package fancyhdr Warning: \headheight is too small (14.0pt): 
(fancyhdr)                Make it at least 14.49998pt, for example:
(fancyhdr)                \setlength{\headheight}{14.49998pt}.
(fancyhdr)                You might also make \topmargin smaller to compensate:

(fancyhdr)                \addtolength{\topmargin}{-0.49998pt}.

[2])
\tf@toc=\write5
\openout5 = `IF976.toc'.



[3]


Package fancyhdr Warning: \headheight is too small (14.0pt): 
(fancyhdr)                Make it at least 14.49998pt, for example:
(fancyhdr)                \setlength{\headheight}{14.49998pt}.
(fancyhdr)                You might also make \topmargin smaller to compensate:

(fancyhdr)                \addtolength{\topmargin}{-0.49998pt}.

[4{/nix/store/mislqmfx0l2cdn8lf0rlygb6w7hiz02w-texlive-combined-full-2024.20241
027-texmfdist/fonts/enc/dvips/cm-super/cm-super-ts1.enc}]


Package fancyhdr Warning: \headheight is too small (14.0pt): 
(fancyhdr)                Make it at least 14.49998pt, for example:
(fancyhdr)                \setlength{\headheight}{14.49998pt}.
(fancyhdr)                You might also make \topmargin smaller to compensate:

(fancyhdr)                \addtolength{\topmargin}{-0.49998pt}.

[5]


Package fancyhdr Warning: \headheight is too small (14.0pt): 
(fancyhdr)                Make it at least 14.49998pt, for example:
(fancyhdr)                \setlength{\headheight}{14.49998pt}.
(fancyhdr)                You might also make \topmargin smaller to compensate:

(fancyhdr)                \addtolength{\topmargin}{-0.49998pt}.

[6]


Package fancyhdr Warning: \headheight is too small (14.0pt): 
(fancyhdr)                Make it at least 14.49998pt, for example:
(fancyhdr)                \setlength{\headheight}{14.49998pt}.
(fancyhdr)                You might also make \topmargin smaller to compensate:

(fancyhdr)                \addtolength{\topmargin}{-0.49998pt}.

[7]


Package fancyhdr Warning: \headheight is too small (14.0pt): 
(fancyhdr)                Make it at least 14.49998pt, for example:
(fancyhdr)                \setlength{\headheight}{14.49998pt}.
(fancyhdr)                You might also make \topmargin smaller to compensate:

(fancyhdr)                \addtolength{\topmargin}{-0.49998pt}.

[8]
Overfull \hbox (5.82925pt too wide) in paragraph at lines 324--325
[]\OT1/cmr/m/n/12 O es-quema con-cei-tual foi de-sen-vol-vido se-guindo as eta-
pas de mo-de-la-gem Entidade-
 []


Overfull \hbox (4.65556pt too wide) in paragraph at lines 324--325
\OT1/cmr/m/n/12 Relacionamento, iden-ti-fi-cando os prin-ci-pais com-po-nen-tes
 do sis-tema e suas in-tera^^Xc~oes.
 []




Package fancyhdr Warning: \headheight is too small (14.0pt): 
(fancyhdr)                Make it at least 14.49998pt, for example:
(fancyhdr)                \setlength{\headheight}{14.49998pt}.
(fancyhdr)                You might also make \topmargin smaller to compensate:

(fancyhdr)                \addtolength{\topmargin}{-0.49998pt}.

[9]


Package fancyhdr Warning: \headheight is too small (14.0pt): 
(fancyhdr)                Make it at least 14.49998pt, for example:
(fancyhdr)                \setlength{\headheight}{14.49998pt}.
(fancyhdr)                You might also make \topmargin smaller to compensate:

(fancyhdr)                \addtolength{\topmargin}{-0.49998pt}.

[10]


Package fancyhdr Warning: \headheight is too small (14.0pt): 
(fancyhdr)                Make it at least 14.49998pt, for example:
(fancyhdr)                \setlength{\headheight}{14.49998pt}.
(fancyhdr)                You might also make \topmargin smaller to compensate:

(fancyhdr)                \addtolength{\topmargin}{-0.49998pt}.

[11]


Package fancyhdr Warning: \headheight is too small (14.0pt): 
(fancyhdr)                Make it at least 14.49998pt, for example:
(fancyhdr)                \setlength{\headheight}{14.49998pt}.
(fancyhdr)                You might also make \topmargin smaller to compensate:

(fancyhdr)                \addtolength{\topmargin}{-0.49998pt}.

[12]

LaTeX Warning: No positions in optional float specifier.
               Default added (so using `tbp') on input line 429.


LaTeX Warning: File `ModeloConceitual.png' not found on input line 431.


! Package pdftex.def Error: File `ModeloConceitual.png' not found: using draft 
setting.

See the pdftex.def package documentation for explanation.
Type  H <return>  for immediate help.
 ...                                              
                                                  
l.431 ...dth=0.95\linewidth]{ModeloConceitual.png}
                                                  
Try typing  <return>  to proceed.
If that doesn't work, type  X <return>  to quit.


LaTeX Warning: Float too large for page by 267.86778pt on input line 434.




Package fancyhdr Warning: \headheight is too small (14.0pt): 
(fancyhdr)                Make it at least 14.49998pt, for example:
(fancyhdr)                \setlength{\headheight}{14.49998pt}.
(fancyhdr)                You might also make \topmargin smaller to compensate:

(fancyhdr)                \addtolength{\topmargin}{-0.49998pt}.

[13]


Package fancyhdr Warning: \headheight is too small (14.0pt): 
(fancyhdr)                Make it at least 14.49998pt, for example:
(fancyhdr)                \setlength{\headheight}{14.49998pt}.
(fancyhdr)                You might also make \topmargin smaller to compensate:

(fancyhdr)                \addtolength{\topmargin}{-0.49998pt}.

[14


]


Package fancyhdr Warning: \headheight is too small (14.0pt): 
(fancyhdr)                Make it at least 14.49998pt, for example:
(fancyhdr)                \setlength{\headheight}{14.49998pt}.
(fancyhdr)                You might also make \topmargin smaller to compensate:

(fancyhdr)                \addtolength{\topmargin}{-0.49998pt}.

[15]


Package fancyhdr Warning: \headheight is too small (14.0pt): 
(fancyhdr)                Make it at least 14.49998pt, for example:
(fancyhdr)                \setlength{\headheight}{14.49998pt}.
(fancyhdr)                You might also make \topmargin smaller to compensate:

(fancyhdr)                \addtolength{\topmargin}{-0.49998pt}.

[16]

LaTeX Warning: File `ModeloRelacional.png' not found on input line 598.


! Package pdftex.def Error: File `ModeloRelacional.png' not found: using draft 
setting.

See the pdftex.def package documentation for explanation.
Type  H <return>  for immediate help.
 ...                                              
                                                  
l.598 ...s[width=\textwidth]{ModeloRelacional.png}
                                                  
Try typing  <return>  to proceed.
If that doesn't work, type  X <return>  to quit.




Package fancyhdr Warning: \headheight is too small (14.0pt): 
(fancyhdr)                Make it at least 14.49998pt, for example:
(fancyhdr)                \setlength{\headheight}{14.49998pt}.
(fancyhdr)                You might also make \topmargin smaller to compensate:

(fancyhdr)                \addtolength{\topmargin}{-0.49998pt}.

[17]
Underfull \hbox (badness 1881) in paragraph at lines 607--608
[]\OT1/cmr/bx/n/12 LIVRO \OT1/cmr/m/n/12 ($[]$, ti-tulo, sub-ti-tulo, edi-tora,
 edi-cao, ano[]publicacao,
 []


Underfull \hbox (badness 2088) in paragraph at lines 609--610
[]\OT1/cmr/bx/n/12 EXEMPLAR \OT1/cmr/m/n/12 ($[]$, isbn[\OT1/cmr/m/it/12 FK\OT1
/cmr/m/n/12 ], co-digo[]barras, sta-
 []




Package fancyhdr Warning: \headheight is too small (14.0pt): 
(fancyhdr)                Make it at least 14.49998pt, for example:
(fancyhdr)                \setlength{\headheight}{14.49998pt}.
(fancyhdr)                You might also make \topmargin smaller to compensate:

(fancyhdr)                \addtolength{\topmargin}{-0.49998pt}.

[18]
Underfull \hbox (badness 10000) in paragraph at lines 627--628
[]\OT1/cmr/bx/n/12 EMPRESTIMO \OT1/cmr/m/n/12 ($[]$, usu-a-rio[]id[\OT1/cmr/m/i
t/12 FK\OT1/cmr/m/n/12 ], exem-plar[]codigo[\OT1/cmr/m/it/12 FK\OT1/cmr/m/n/12 
],
 []


Underfull \hbox (badness 10000) in paragraph at lines 627--628
\OT1/cmr/m/n/12 fun-ci-o-na-rio[]id[\OT1/cmr/m/it/12 FK\OT1/cmr/m/n/12 ], data[
]emprestimo, data[]devolucao[]prevista,
 []


Underfull \hbox (badness 10000) in paragraph at lines 631--632
[]\OT1/cmr/bx/n/12 MULTA \OT1/cmr/m/n/12 ($[]$, em-pres-timo[]id[\OT1/cmr/m/it/
12 FK\OT1/cmr/m/n/12 ], va-lor, sta-tus, data[]geracao,
 []




Package fancyhdr Warning: \headheight is too small (14.0pt): 
(fancyhdr)                Make it at least 14.49998pt, for example:
(fancyhdr)                \setlength{\headheight}{14.49998pt}.
(fancyhdr)                You might also make \topmargin smaller to compensate:

(fancyhdr)                \addtolength{\topmargin}{-0.49998pt}.

[19]
Overfull \hbox (12.37206pt too wide) in paragraph at lines 697--697
[]        \OT1/cmtt/m/n/12 CHECK (tipo_usuario IN ('ALUNO', 'PROFESSOR', 'FUNCI
ONARIO'))[] 
 []


Overfull \hbox (49.42207pt too wide) in paragraph at lines 701--701
[]    \OT1/cmtt/m/n/12 "id" INTEGER PRIMARY KEY REFERENCES "Usuario" ("id") ON 
DELETE CASCADE,[] 
 []


Overfull \hbox (49.42207pt too wide) in paragraph at lines 707--707
[]    \OT1/cmtt/m/n/12 "id" INTEGER PRIMARY KEY REFERENCES "Usuario" ("id") ON 
DELETE CASCADE,[] 
 []


Overfull \hbox (49.42207pt too wide) in paragraph at lines 713--713
[]    \OT1/cmtt/m/n/12 "id" INTEGER PRIMARY KEY REFERENCES "Usuario" ("id") ON 
DELETE CASCADE,[] 
 []




Package fancyhdr Warning: \headheight is too small (14.0pt): 
(fancyhdr)                Make it at least 14.49998pt, for example:
(fancyhdr)                \setlength{\headheight}{14.49998pt}.
(fancyhdr)                You might also make \topmargin smaller to compensate:

(fancyhdr)                \addtolength{\topmargin}{-0.49998pt}.

[20]
Overfull \hbox (18.54706pt too wide) in paragraph at lines 727--727
[]    \OT1/cmtt/m/n/12 "funcionario_id" INTEGER NOT NULL REFERENCES "Funcionari
o" ("id"),[] 
 []


Overfull \hbox (6.19705pt too wide) in paragraph at lines 738--738
[]    \OT1/cmtt/m/n/12 "emprestimo_id" INTEGER NOT NULL REFERENCES "Emprestimo"
 ("id"),[] 
 []




Package fancyhdr Warning: \headheight is too small (14.0pt): 
(fancyhdr)                Make it at least 14.49998pt, for example:
(fancyhdr)                \setlength{\headheight}{14.49998pt}.
(fancyhdr)                You might also make \topmargin smaller to compensate:

(fancyhdr)                \addtolength{\topmargin}{-0.49998pt}.

[21]


Package fancyhdr Warning: \headheight is too small (14.0pt): 
(fancyhdr)                Make it at least 14.49998pt, for example:
(fancyhdr)                \setlength{\headheight}{14.49998pt}.
(fancyhdr)                You might also make \topmargin smaller to compensate:

(fancyhdr)                \addtolength{\topmargin}{-0.49998pt}.

[22]
Overfull \hbox (1.00476pt too wide) in paragraph at lines 784--785
[]\OT1/cmr/bx/n/12 LIVRO\OT1/cmr/m/n/12 : Man-tida como en-ti-dade in-de-pen-de
nte com ISBN como chave prim^^Saria
 []




Package fancyhdr Warning: \headheight is too small (14.0pt): 
(fancyhdr)                Make it at least 14.49998pt, for example:
(fancyhdr)                \setlength{\headheight}{14.49998pt}.
(fancyhdr)                You might also make \topmargin smaller to compensate:

(fancyhdr)                \addtolength{\topmargin}{-0.49998pt}.

[23]
LaTeX Font Info:    Trying to load font information for TS1+cmtt on input line 
843.

(/nix/store/mislqmfx0l2cdn8lf0rlygb6w7hiz02w-texlive-combined-full-2024.2024102
7-texmfdist/tex/latex/base/ts1cmtt.fd
File: ts1cmtt.fd 2023/04/13 v2.5m Standard LaTeX font definitions
)


Package fancyhdr Warning: \headheight is too small (14.0pt): 
(fancyhdr)                Make it at least 14.49998pt, for example:
(fancyhdr)                \setlength{\headheight}{14.49998pt}.
(fancyhdr)                You might also make \topmargin smaller to compensate:

(fancyhdr)                \addtolength{\topmargin}{-0.49998pt}.

[24]
Overfull \hbox (53.08592pt too wide) in paragraph at lines 877--877
 []\OT1/cmtt/m/n/12 SELECT l.*, COUNT(e.codigo_tombamento) as exemplares_dispon
iveis[] 
 []


Overfull \hbox (40.73592pt too wide) in paragraph at lines 881--881
 []    \OT1/cmtt/m/n/12 emp.exemplar_codigo AND emp.data_devolucao_efetiva IS N
ULL[] 
 []




Package fancyhdr Warning: \headheight is too small (14.0pt): 
(fancyhdr)                Make it at least 14.49998pt, for example:
(fancyhdr)                \setlength{\headheight}{14.49998pt}.
(fancyhdr)                You might also make \topmargin smaller to compensate:

(fancyhdr)                \addtolength{\topmargin}{-0.49998pt}.

[25]


Package fancyhdr Warning: \headheight is too small (14.0pt): 
(fancyhdr)                Make it at least 14.49998pt, for example:
(fancyhdr)                \setlength{\headheight}{14.49998pt}.
(fancyhdr)                You might also make \topmargin smaller to compensate:

(fancyhdr)                \addtolength{\topmargin}{-0.49998pt}.

[26]


Package fancyhdr Warning: \headheight is too small (14.0pt): 
(fancyhdr)                Make it at least 14.49998pt, for example:
(fancyhdr)                \setlength{\headheight}{14.49998pt}.
(fancyhdr)                You might also make \topmargin smaller to compensate:

(fancyhdr)                \addtolength{\topmargin}{-0.49998pt}.

[27]
Overfull \hbox (46.91092pt too wide) in paragraph at lines 1017--1017
 []\OT1/cmtt/m/n/12 JOIN "Emprestimo" e ON ex.codigo_tombamento = e.exemplar_co
digo[] 
 []


Overfull \hbox (28.38591pt too wide) in paragraph at lines 1018--1018
 []\OT1/cmtt/m/n/12 WHERE e.data_emprestimo >= CURRENT_DATE - INTERVAL '30 days
'[] 
 []




Package fancyhdr Warning: \headheight is too small (14.0pt): 
(fancyhdr)                Make it at least 14.49998pt, for example:
(fancyhdr)                \setlength{\headheight}{14.49998pt}.
(fancyhdr)                You might also make \topmargin smaller to compensate:

(fancyhdr)                \addtolength{\topmargin}{-0.49998pt}.

[28]
Overfull \hbox (22.2109pt too wide) in paragraph at lines 1058--1058
 []    \OT1/cmtt/m/n/12 CURRENT_DATE - e.data_devolucao_prevista as dias_atraso
[] 
 []


Overfull \hbox (40.73592pt too wide) in paragraph at lines 1061--1061
 []\OT1/cmtt/m/n/12 JOIN "Exemplar" ex ON e.exemplar_codigo = ex.codigo_tombame
nto[] 
 []


Overfull \hbox (40.73592pt too wide) in paragraph at lines 1083--1083
 []\OT1/cmtt/m/n/12 JOIN "Exemplar" ex ON r.exemplar_codigo = ex.codigo_tombame
nto[] 
 []




Package fancyhdr Warning: \headheight is too small (14.0pt): 
(fancyhdr)                Make it at least 14.49998pt, for example:
(fancyhdr)                \setlength{\headheight}{14.49998pt}.
(fancyhdr)                You might also make \topmargin smaller to compensate:

(fancyhdr)                \addtolength{\topmargin}{-0.49998pt}.

[29]
Overfull \hbox (58.11125pt too wide) in paragraph at lines 1103--1103
 []        \OT1/cmtt/m/n/12 EXTRACT(MONTH FROM AGE(CURRENT_DATE, MIN(e.data_emp
restimo)))[] 
 []


Overfull \hbox (51.93625pt too wide) in paragraph at lines 1107--1107
 []\OT1/cmtt/m/n/12 LEFT JOIN "Emprestimo" e ON ex.codigo_tombamento = e.exempl
ar_codigo[] 
 []


Overfull \hbox (51.93625pt too wide) in paragraph at lines 1123--1123
 []\OT1/cmtt/m/n/12 LEFT JOIN "Emprestimo" e ON ex.codigo_tombamento = e.exempl
ar_codigo[] 
 []




Package fancyhdr Warning: \headheight is too small (14.0pt): 
(fancyhdr)                Make it at least 14.49998pt, for example:
(fancyhdr)                \setlength{\headheight}{14.49998pt}.
(fancyhdr)                You might also make \topmargin smaller to compensate:

(fancyhdr)                \addtolength{\topmargin}{-0.49998pt}.

[30]


Package fancyhdr Warning: \headheight is too small (14.0pt): 
(fancyhdr)                Make it at least 14.49998pt, for example:
(fancyhdr)                \setlength{\headheight}{14.49998pt}.
(fancyhdr)                You might also make \topmargin smaller to compensate:

(fancyhdr)                \addtolength{\topmargin}{-0.49998pt}.

[31] (./IF976.aux)
 ***********
LaTeX2e <2024-06-01> patch level 2
L3 programming layer <2024-10-09>
 ***********


LaTeX Warning: Label(s) may have changed. Rerun to get cross-references right.

Package rerunfilecheck Info: File `IF976.out' has not changed.
(rerunfilecheck)             Checksum: 787493F77A12FE7E4E11651593592D98;7329.
 ) 
Here is how much of TeX's memory you used:
 23598 strings out of 473577
 475596 string characters out of 5700522
 847275 words of memory out of 5000000
 46011 multiletter control sequences out of 15000+600000
 564993 words of font info for 59 fonts, out of 8000000 for 9000
 1141 hyphenation exceptions out of 8191
 98i,13n,101p,607b,716s stack positions out of 10000i,1000n,20000p,200000b,200000s
</nix/store/mislqmfx0l2cdn8lf0rlygb6w7hiz02w-texlive-combined-full-2024.20241
027-texmfdist/fonts/type1/public/amsfonts/cm/cmbx12.pfb></nix/store/mislqmfx0l2
cdn8lf0rlygb6w7hiz02w-texlive-combined-full-2024.20241027-texmfdist/fonts/type1
/public/amsfonts/cm/cmr12.pfb></nix/store/mislqmfx0l2cdn8lf0rlygb6w7hiz02w-texl
ive-combined-full-2024.20241027-texmfdist/fonts/type1/public/amsfonts/cm/cmti12
.pfb></nix/store/mislqmfx0l2cdn8lf0rlygb6w7hiz02w-texlive-combined-full-2024.20
241027-texmfdist/fonts/type1/public/amsfonts/cm/cmtt12.pfb></nix/store/mislqmfx
0l2cdn8lf0rlygb6w7hiz02w-texlive-combined-full-2024.20241027-texmfdist/fonts/ty
pe1/public/cm-super/sfrm1200.pfb></nix/store/mislqmfx0l2cdn8lf0rlygb6w7hiz02w-t
exlive-combined-full-2024.20241027-texmfdist/fonts/type1/public/cm-super/sftt12
00.pfb>
Output written on IF976.pdf (31 pages, 141402 bytes).
PDF statistics:
 474 PDF objects out of 1000 (max. 8388607)
 424 compressed objects within 5 object streams
 126 named destinations out of 1000 (max. 500000)
 365 words of extra memory for PDF output out of 10000 (max. 10000000)

