\BOOKMARK [1][-]{section.1}{\376\377\000I\000n\000t\000r\000o\000d\000u\000\347\000\343\000o}{}% 1
\BOOKMARK [1][-]{section.2}{\376\377\000C\000o\000n\000t\000e\000x\000t\000u\000a\000l\000i\000z\000a\000\347\000\343\000o}{}% 2
\BOOKMARK [1][-]{section.3}{\376\377\000D\000e\000s\000c\000r\000i\000\347\000\343\000o\000\040\000d\000o\000\040\000M\000i\000n\000i\000m\000u\000n\000d\000o}{}% 3
\BOOKMARK [2][-]{subsection.3.1}{\376\377\000O\000b\000j\000e\000t\000i\000v\000o\000\040\000d\000o\000\040\000S\000i\000s\000t\000e\000m\000a}{section.3}% 4
\BOOKMARK [2][-]{subsection.3.2}{\376\377\000E\000s\000c\000o\000p\000o\000\040\000F\000u\000n\000c\000i\000o\000n\000a\000l}{section.3}% 5
\BOOKMARK [1][-]{section.4}{\376\377\000E\000s\000t\000r\000u\000t\000u\000r\000a\000s\000\040\000P\000r\000i\000n\000c\000i\000p\000a\000i\000s}{}% 6
\BOOKMARK [2][-]{subsection.4.1}{\376\377\000E\000n\000t\000i\000d\000a\000d\000e\000s\000\040\000e\000\040\000S\000e\000u\000s\000\040\000A\000t\000r\000i\000b\000u\000t\000o\000s}{section.4}% 7
\BOOKMARK [1][-]{section.5}{\376\377\000R\000e\000g\000r\000a\000s\000\040\000d\000e\000\040\000N\000e\000g\000\363\000c\000i\000o}{}% 8
\BOOKMARK [1][-]{section.6}{\376\377\000O\000p\000e\000r\000a\000\347\000\365\000e\000s\000\040\000d\000o\000\040\000S\000i\000s\000t\000e\000m\000a}{}% 9
\BOOKMARK [2][-]{subsection.6.1}{\376\377\000G\000e\000s\000t\000\343\000o\000\040\000d\000e\000\040\000A\000c\000e\000r\000v\000o}{section.6}% 10
\BOOKMARK [2][-]{subsection.6.2}{\376\377\000G\000e\000s\000t\000\343\000o\000\040\000d\000e\000\040\000U\000s\000u\000\341\000r\000i\000o\000s}{section.6}% 11
\BOOKMARK [2][-]{subsection.6.3}{\376\377\000G\000e\000s\000t\000\343\000o\000\040\000d\000e\000\040\000E\000m\000p\000r\000\351\000s\000t\000i\000m\000o\000s}{section.6}% 12
\BOOKMARK [2][-]{subsection.6.4}{\376\377\000R\000e\000l\000a\000t\000\363\000r\000i\000o\000s\000\040\000e\000\040\000A\000n\000\341\000l\000i\000s\000e\000s}{section.6}% 13
\BOOKMARK [1][-]{section.7}{\376\377\000E\000s\000q\000u\000e\000m\000a\000\040\000C\000o\000n\000c\000e\000i\000t\000u\000a\000l}{}% 14
\BOOKMARK [2][-]{subsection.7.1}{\376\377\000M\000e\000t\000o\000d\000o\000l\000o\000g\000i\000a\000\040\000d\000e\000\040\000M\000o\000d\000e\000l\000a\000g\000e\000m}{section.7}% 15
\BOOKMARK [2][-]{subsection.7.2}{\376\377\000E\000n\000t\000i\000d\000a\000d\000e\000s\000\040\000d\000o\000\040\000M\000o\000d\000e\000l\000o}{section.7}% 16
\BOOKMARK [2][-]{subsection.7.3}{\376\377\000R\000e\000l\000a\000c\000i\000o\000n\000a\000m\000e\000n\000t\000o\000s\000\040\000P\000r\000i\000n\000c\000i\000p\000a\000i\000s}{section.7}% 17
\BOOKMARK [2][-]{subsection.7.4}{\376\377\000D\000i\000a\000g\000r\000a\000m\000a\000\040\000E\000R}{section.7}% 18
\BOOKMARK [1][-]{section.8}{\376\377\000E\000s\000q\000u\000e\000m\000a\000\040\000R\000e\000l\000a\000c\000i\000o\000n\000a\000l}{}% 19
\BOOKMARK [2][-]{subsection.8.1}{\376\377\000P\000r\000o\000c\000e\000s\000s\000o\000\040\000d\000e\000\040\000M\000a\000p\000e\000a\000m\000e\000n\000t\000o}{section.8}% 20
\BOOKMARK [2][-]{subsection.8.2}{\376\377\000M\000o\000d\000e\000l\000o\000\040\000R\000e\000l\000a\000c\000i\000o\000n\000a\000l}{section.8}% 21
\BOOKMARK [2][-]{subsection.8.3}{\376\377\000R\000e\000l\000a\000\347\000\365\000e\000s\000\040\000R\000e\000s\000u\000l\000t\000a\000n\000t\000e\000s}{section.8}% 22
\BOOKMARK [2][-]{subsection.8.4}{\376\377\000R\000e\000s\000t\000r\000i\000\347\000\365\000e\000s\000\040\000d\000e\000\040\000I\000n\000t\000e\000g\000r\000i\000d\000a\000d\000e}{section.8}% 23
\BOOKMARK [1][-]{section.9}{\376\377\000O\000p\000e\000r\000a\000\347\000\365\000e\000s\000\040\000e\000\040\000C\000o\000n\000s\000u\000l\000t\000a\000s}{}% 24
\BOOKMARK [2][-]{subsection.9.1}{\376\377\000G\000e\000s\000t\000\343\000o\000\040\000d\000o\000\040\000A\000c\000e\000r\000v\000o}{section.9}% 25
\BOOKMARK [2][-]{subsection.9.2}{\376\377\000G\000e\000s\000t\000\343\000o\000\040\000d\000e\000\040\000U\000s\000u\000\341\000r\000i\000o\000s}{section.9}% 26
\BOOKMARK [2][-]{subsection.9.3}{\376\377\000G\000e\000s\000t\000\343\000o\000\040\000d\000e\000\040\000E\000m\000p\000r\000\351\000s\000t\000i\000m\000o\000s}{section.9}% 27
\BOOKMARK [2][-]{subsection.9.4}{\376\377\000R\000e\000l\000a\000t\000\363\000r\000i\000o\000s\000\040\000e\000\040\000A\000n\000\341\000l\000i\000s\000e\000s}{section.9}% 28
\BOOKMARK [1][-]{section.10}{\376\377\000C\000o\000n\000c\000l\000u\000s\000\343\000o}{}% 29
